#! /c/Source/iverilog-install/bin/vvp
:ivl_version "12.0 (devel)" "(s20150603-1110-g18392a46)";
:ivl_delay_selection "TYPICAL";
:vpi_time_precision + 0;
:vpi_module "C:\iverilog\lib\ivl\system.vpi";
:vpi_module "C:\iverilog\lib\ivl\vhdl_sys.vpi";
:vpi_module "C:\iverilog\lib\ivl\vhdl_textio.vpi";
:vpi_module "C:\iverilog\lib\ivl\v2005_math.vpi";
:vpi_module "C:\iverilog\lib\ivl\va_math.vpi";
S_0000028cfecca560 .scope module, "Testbench" "Testbench" 2 26;
 .timescale 0 0;
v0000028cfecccfd0_0 .var "A", 6 0;
v0000028cfeb56ba0_0 .net "Display", 3 0, v0000028cfeccbac0_0;  1 drivers
S_0000028cfeb56a10 .scope module, "encoder" "Encoder" 2 56, 2 1 0, S_0000028cfecca560;
 .timescale 0 0;
    .port_info 0 /INPUT 7 "in";
    .port_info 1 /OUTPUT 4 "out";
v0000028cfeccba20_0 .net "in", 6 0, v0000028cfecccfd0_0;  1 drivers
v0000028cfeccbac0_0 .var "out", 3 0;
E_0000028cfecc8da0 .event anyedge, v0000028cfeccba20_0;
    .scope S_0000028cfeb56a10;
T_0 ;
    %wait E_0000028cfecc8da0;
    %load/vec4 v0000028cfeccba20_0;
    %dup/vec4;
    %pushi/vec4 126, 0, 7;
    %cmp/u;
    %jmp/1 T_0.0, 6;
    %dup/vec4;
    %pushi/vec4 48, 0, 7;
    %cmp/u;
    %jmp/1 T_0.1, 6;
    %dup/vec4;
    %pushi/vec4 109, 0, 7;
    %cmp/u;
    %jmp/1 T_0.2, 6;
    %dup/vec4;
    %pushi/vec4 121, 0, 7;
    %cmp/u;
    %jmp/1 T_0.3, 6;
    %dup/vec4;
    %pushi/vec4 51, 0, 7;
    %cmp/u;
    %jmp/1 T_0.4, 6;
    %dup/vec4;
    %pushi/vec4 91, 0, 7;
    %cmp/u;
    %jmp/1 T_0.5, 6;
    %dup/vec4;
    %pushi/vec4 95, 0, 7;
    %cmp/u;
    %jmp/1 T_0.6, 6;
    %dup/vec4;
    %pushi/vec4 112, 0, 7;
    %cmp/u;
    %jmp/1 T_0.7, 6;
    %dup/vec4;
    %pushi/vec4 127, 0, 7;
    %cmp/u;
    %jmp/1 T_0.8, 6;
    %dup/vec4;
    %pushi/vec4 115, 0, 7;
    %cmp/u;
    %jmp/1 T_0.9, 6;
    %jmp T_0.10;
T_0.0 ;
    %pushi/vec4 0, 0, 4;
    %store/vec4 v0000028cfeccbac0_0, 0, 4;
    %jmp T_0.10;
T_0.1 ;
    %pushi/vec4 1, 0, 4;
    %store/vec4 v0000028cfeccbac0_0, 0, 4;
    %jmp T_0.10;
T_0.2 ;
    %pushi/vec4 2, 0, 4;
    %store/vec4 v0000028cfeccbac0_0, 0, 4;
    %jmp T_0.10;
T_0.3 ;
    %pushi/vec4 3, 0, 4;
    %store/vec4 v0000028cfeccbac0_0, 0, 4;
    %jmp T_0.10;
T_0.4 ;
    %pushi/vec4 4, 0, 4;
    %store/vec4 v0000028cfeccbac0_0, 0, 4;
    %jmp T_0.10;
T_0.5 ;
    %pushi/vec4 5, 0, 4;
    %store/vec4 v0000028cfeccbac0_0, 0, 4;
    %jmp T_0.10;
T_0.6 ;
    %pushi/vec4 6, 0, 4;
    %store/vec4 v0000028cfeccbac0_0, 0, 4;
    %jmp T_0.10;
T_0.7 ;
    %pushi/vec4 7, 0, 4;
    %store/vec4 v0000028cfeccbac0_0, 0, 4;
    %jmp T_0.10;
T_0.8 ;
    %pushi/vec4 8, 0, 4;
    %store/vec4 v0000028cfeccbac0_0, 0, 4;
    %jmp T_0.10;
T_0.9 ;
    %pushi/vec4 9, 0, 4;
    %store/vec4 v0000028cfeccbac0_0, 0, 4;
    %jmp T_0.10;
T_0.10 ;
    %pop/vec4 1;
    %jmp T_0;
    .thread T_0, $push;
    .scope S_0000028cfecca560;
T_1 ;
    %vpi_call 2 32 "$dumpfile", "subiectul2.vcd" {0 0 0};
    %vpi_call 2 33 "$dumpvars" {0 0 0};
    %pushi/vec4 126, 0, 7;
    %store/vec4 v0000028cfecccfd0_0, 0, 7;
    %delay 10, 0;
    %pushi/vec4 48, 0, 7;
    %store/vec4 v0000028cfecccfd0_0, 0, 7;
    %delay 10, 0;
    %pushi/vec4 109, 0, 7;
    %store/vec4 v0000028cfecccfd0_0, 0, 7;
    %delay 10, 0;
    %pushi/vec4 121, 0, 7;
    %store/vec4 v0000028cfecccfd0_0, 0, 7;
    %delay 10, 0;
    %pushi/vec4 51, 0, 7;
    %store/vec4 v0000028cfecccfd0_0, 0, 7;
    %delay 10, 0;
    %pushi/vec4 91, 0, 7;
    %store/vec4 v0000028cfecccfd0_0, 0, 7;
    %delay 10, 0;
    %pushi/vec4 95, 0, 7;
    %store/vec4 v0000028cfecccfd0_0, 0, 7;
    %delay 10, 0;
    %pushi/vec4 112, 0, 7;
    %store/vec4 v0000028cfecccfd0_0, 0, 7;
    %delay 10, 0;
    %pushi/vec4 127, 0, 7;
    %store/vec4 v0000028cfecccfd0_0, 0, 7;
    %delay 10, 0;
    %pushi/vec4 115, 0, 7;
    %store/vec4 v0000028cfecccfd0_0, 0, 7;
    %delay 10, 0;
    %vpi_call 2 49 "$finish" {0 0 0};
    %end;
    .thread T_1;
    .scope S_0000028cfecca560;
T_2 ;
    %vpi_call 2 53 "$monitor", "Input 7 biti: %b, Output 4 biti: %b", v0000028cfecccfd0_0, v0000028cfeb56ba0_0 {0 0 0};
    %end;
    .thread T_2;
# The file index is used to find the file name in the following table.
:file_names 3;
    "N/A";
    "<interactive>";
    "subiectul2.v";
