#! /c/Source/iverilog-install/bin/vvp
:ivl_version "12.0 (devel)" "(s20150603-1110-g18392a46)";
:ivl_delay_selection "TYPICAL";
:vpi_time_precision + 0;
:vpi_module "C:\iverilog\lib\ivl\system.vpi";
:vpi_module "C:\iverilog\lib\ivl\vhdl_sys.vpi";
:vpi_module "C:\iverilog\lib\ivl\vhdl_textio.vpi";
:vpi_module "C:\iverilog\lib\ivl\v2005_math.vpi";
:vpi_module "C:\iverilog\lib\ivl\va_math.vpi";
S_000001485fc59100 .scope module, "BeCounter_tb" "BeCounter_tb" 2 28;
 .timescale 0 0;
v000001485fb22b30_0 .var "clk", 0 0;
v000001485fb22bd0_0 .var "d", 3 0;
v000001485fb22c70_0 .var "ld", 0 0;
v000001485fb22d10_0 .net "out", 3 0, L_000001485fb581f0;  1 drivers
v000001485fb22db0_0 .var "rst", 0 0;
v000001485fb22e50_0 .var "up", 0 0;
S_000001485fc5cdf0 .scope module, "bec" "BeCounter" 2 66, 2 8 0, S_000001485fc59100;
 .timescale 0 0;
    .port_info 0 /OUTPUT 4 "out";
    .port_info 1 /INPUT 1 "clk";
    .port_info 2 /INPUT 1 "rst";
    .port_info 3 /INPUT 1 "ld";
    .port_info 4 /INPUT 1 "up";
    .port_info 5 /INPUT 4 "d";
L_000001485fb581f0 .functor BUFZ 4, v000001485fc5cf80_0, C4<0000>, C4<0000>, C4<0000>;
v000001485fb5ccd0_0 .net "clk", 0 0, v000001485fb22b30_0;  1 drivers
v000001485fc5cf80_0 .var "cnt", 3 0;
v000001485fc5d020_0 .net "d", 3 0, v000001485fb22bd0_0;  1 drivers
v000001485fc5d0c0_0 .net "ld", 0 0, v000001485fb22c70_0;  1 drivers
v000001485fc5d160_0 .net "out", 3 0, L_000001485fb581f0;  alias, 1 drivers
v000001485fc5d200_0 .net "rst", 0 0, v000001485fb22db0_0;  1 drivers
v000001485fb22a90_0 .net "up", 0 0, v000001485fb22e50_0;  1 drivers
E_000001485fb593d0 .event posedge, v000001485fb5ccd0_0;
    .scope S_000001485fc5cdf0;
T_0 ;
    %wait E_000001485fb593d0;
    %load/vec4 v000001485fc5d200_0;
    %flag_set/vec4 8;
    %jmp/0xz  T_0.0, 8;
    %pushi/vec4 0, 0, 4;
    %assign/vec4 v000001485fc5cf80_0, 0;
    %jmp T_0.1;
T_0.0 ;
    %load/vec4 v000001485fc5d0c0_0;
    %flag_set/vec4 8;
    %jmp/0xz  T_0.2, 8;
    %load/vec4 v000001485fc5d020_0;
    %store/vec4 v000001485fc5cf80_0, 0, 4;
    %jmp T_0.3;
T_0.2 ;
    %load/vec4 v000001485fb22a90_0;
    %flag_set/vec4 8;
    %jmp/0xz  T_0.4, 8;
    %load/vec4 v000001485fc5cf80_0;
    %addi 1, 0, 4;
    %store/vec4 v000001485fc5cf80_0, 0, 4;
    %jmp T_0.5;
T_0.4 ;
    %load/vec4 v000001485fc5cf80_0;
    %subi 1, 0, 4;
    %store/vec4 v000001485fc5cf80_0, 0, 4;
T_0.5 ;
T_0.3 ;
T_0.1 ;
    %jmp T_0;
    .thread T_0;
    .scope S_000001485fc59100;
T_1 ;
    %vpi_call 2 37 "$dumpfile", "BeCounter.VCD" {0 0 0};
    %vpi_call 2 38 "$dumpvars" {0 0 0};
    %pushi/vec4 0, 0, 1;
    %store/vec4 v000001485fb22b30_0, 0, 1;
    %pushi/vec4 0, 0, 1;
    %store/vec4 v000001485fb22db0_0, 0, 1;
    %pushi/vec4 0, 0, 1;
    %store/vec4 v000001485fb22c70_0, 0, 1;
    %pushi/vec4 1, 0, 1;
    %store/vec4 v000001485fb22e50_0, 0, 1;
    %delay 10, 0;
    %pushi/vec4 1, 0, 1;
    %store/vec4 v000001485fb22db0_0, 0, 1;
    %delay 20, 0;
    %pushi/vec4 0, 0, 1;
    %store/vec4 v000001485fb22db0_0, 0, 1;
    %delay 20, 0;
    %pushi/vec4 1, 0, 1;
    %store/vec4 v000001485fb22db0_0, 0, 1;
    %delay 10, 0;
    %pushi/vec4 0, 0, 1;
    %store/vec4 v000001485fb22e50_0, 0, 1;
    %delay 220, 0;
    %pushi/vec4 0, 0, 1;
    %store/vec4 v000001485fb22db0_0, 0, 1;
    %delay 50, 0;
    %pushi/vec4 10, 0, 4;
    %store/vec4 v000001485fb22bd0_0, 0, 4;
    %delay 10, 0;
    %pushi/vec4 1, 0, 1;
    %store/vec4 v000001485fb22c70_0, 0, 1;
    %delay 10, 0;
    %pushi/vec4 0, 0, 1;
    %store/vec4 v000001485fb22c70_0, 0, 1;
    %delay 400, 0;
    %vpi_call 2 51 "$finish" {0 0 0};
    %end;
    .thread T_1;
    .scope S_000001485fc59100;
T_2 ;
T_2.0 ;
    %delay 10, 0;
    %load/vec4 v000001485fb22b30_0;
    %inv;
    %store/vec4 v000001485fb22b30_0, 0, 1;
    %jmp T_2.0;
    %end;
    .thread T_2;
    .scope S_000001485fc59100;
T_3 ;
    %vpi_call 2 63 "$monitor", "clock=%0d, out=%b, rst=%b, ld=%b, up=%b , d=%b", v000001485fb22b30_0, v000001485fb22d10_0, v000001485fb22db0_0, v000001485fb22c70_0, v000001485fb22e50_0, v000001485fb22bd0_0 {0 0 0};
    %end;
    .thread T_3;
# The file index is used to find the file name in the following table.
:file_names 3;
    "N/A";
    "<interactive>";
    "BeCounter.v";
