#! /c/Source/iverilog-install/bin/vvp
:ivl_version "12.0 (devel)" "(s20150603-1110-g18392a46)";
:ivl_delay_selection "TYPICAL";
:vpi_time_precision + 0;
:vpi_module "C:\iverilog\lib\ivl\system.vpi";
:vpi_module "C:\iverilog\lib\ivl\vhdl_sys.vpi";
:vpi_module "C:\iverilog\lib\ivl\vhdl_textio.vpi";
:vpi_module "C:\iverilog\lib\ivl\v2005_math.vpi";
:vpi_module "C:\iverilog\lib\ivl\va_math.vpi";
S_000002d8c96163b0 .scope module, "StFA_tb" "StFA_tb" 2 18;
 .timescale 0 0;
o000002d8c961d6c8 .functor BUFZ 4, C4<zzzz>; HiZ drive
v000002d8c9671250_0 .net "A", 3 0, o000002d8c961d6c8;  0 drivers
o000002d8c961d6f8 .functor BUFZ 4, C4<zzzz>; HiZ drive
v000002d8c9670170_0 .net "B", 3 0, o000002d8c961d6f8;  0 drivers
o000002d8c961d728 .functor BUFZ 1, C4<z>; HiZ drive
v000002d8c9670670_0 .net "C0", 0 0, o000002d8c961d728;  0 drivers
o000002d8c961d038 .functor BUFZ 1, C4<z>; HiZ drive
v000002d8c9670e90_0 .net "Ci", 0 0, o000002d8c961d038;  0 drivers
v000002d8c9670a30_0 .net "Co", 0 0, v000002d8c96097d0_0;  1 drivers
v000002d8c96705d0_0 .net "D", 3 0, L_000002d8c9670ad0;  1 drivers
v000002d8c96714d0_0 .var "a", 3 0;
v000002d8c966f8b0_0 .var "b", 3 0;
v000002d8c96707b0_0 .var "ci", 3 0;
o000002d8c961d818 .functor BUFZ 4, C4<zzzz>; HiZ drive
v000002d8c9670850_0 .net "co", 3 0, o000002d8c961d818;  0 drivers
o000002d8c961d848 .functor BUFZ 4, C4<zzzz>; HiZ drive
v000002d8c96708f0_0 .net "s", 3 0, o000002d8c961d848;  0 drivers
v000002d8c9670cb0_0 .net "w1", 0 0, v000002d8c960a450_0;  1 drivers
v000002d8c966fdb0_0 .net "w2", 0 0, v000002d8c9609ff0_0;  1 drivers
v000002d8c966fc70_0 .net "w3", 0 0, v000002d8c960a4f0_0;  1 drivers
L_000002d8c9671610 .part o000002d8c961d6c8, 0, 1;
L_000002d8c9671570 .part o000002d8c961d6f8, 0, 1;
L_000002d8c96700d0 .part o000002d8c961d6c8, 1, 1;
L_000002d8c96712f0 .part o000002d8c961d6f8, 1, 1;
L_000002d8c9670990 .part o000002d8c961d6c8, 2, 1;
L_000002d8c966fe50 .part o000002d8c961d6f8, 2, 1;
L_000002d8c9670ad0 .concat8 [ 1 1 1 1], v000002d8c960a310_0, v000002d8c960a090_0, v000002d8c960a270_0, v000002d8c9671070_0;
L_000002d8c9671110 .part o000002d8c961d6c8, 3, 1;
L_000002d8c9670b70 .part o000002d8c961d6f8, 3, 1;
S_000002d8c9616540 .scope module, "sfa0" "StFA" 2 43, 2 7 0, S_000002d8c96163b0;
 .timescale 0 0;
    .port_info 0 /OUTPUT 1 "Co";
    .port_info 1 /OUTPUT 1 "S";
    .port_info 2 /INPUT 1 "A";
    .port_info 3 /INPUT 1 "B";
    .port_info 4 /INPUT 1 "Ci";
v000002d8c9609d70_0 .net "A", 0 0, L_000002d8c9671610;  1 drivers
v000002d8c9609f50_0 .net "B", 0 0, L_000002d8c9671570;  1 drivers
v000002d8c9609910_0 .net "Ci", 0 0, o000002d8c961d038;  alias, 0 drivers
v000002d8c960a450_0 .var "Co", 0 0;
v000002d8c960a310_0 .var "S", 0 0;
E_000002d8c960bcf0 .event anyedge, v000002d8c9609910_0, v000002d8c9609f50_0, v000002d8c9609d70_0;
S_000002d8c96166d0 .scope module, "sfa1" "StFA" 2 44, 2 7 0, S_000002d8c96163b0;
 .timescale 0 0;
    .port_info 0 /OUTPUT 1 "Co";
    .port_info 1 /OUTPUT 1 "S";
    .port_info 2 /INPUT 1 "A";
    .port_info 3 /INPUT 1 "B";
    .port_info 4 /INPUT 1 "Ci";
v000002d8c9609af0_0 .net "A", 0 0, L_000002d8c96700d0;  1 drivers
v000002d8c960a3b0_0 .net "B", 0 0, L_000002d8c96712f0;  1 drivers
v000002d8c9609b90_0 .net "Ci", 0 0, o000002d8c961d038;  alias, 0 drivers
v000002d8c9609ff0_0 .var "Co", 0 0;
v000002d8c960a090_0 .var "S", 0 0;
E_000002d8c960b830 .event anyedge, v000002d8c9609910_0, v000002d8c960a3b0_0, v000002d8c9609af0_0;
S_000002d8c96131a0 .scope module, "sfa2" "StFA" 2 45, 2 7 0, S_000002d8c96163b0;
 .timescale 0 0;
    .port_info 0 /OUTPUT 1 "Co";
    .port_info 1 /OUTPUT 1 "S";
    .port_info 2 /INPUT 1 "A";
    .port_info 3 /INPUT 1 "B";
    .port_info 4 /INPUT 1 "Ci";
v000002d8c960a130_0 .net "A", 0 0, L_000002d8c9670990;  1 drivers
v000002d8c960a1d0_0 .net "B", 0 0, L_000002d8c966fe50;  1 drivers
v000002d8c9609870_0 .net "Ci", 0 0, o000002d8c961d038;  alias, 0 drivers
v000002d8c960a4f0_0 .var "Co", 0 0;
v000002d8c960a270_0 .var "S", 0 0;
E_000002d8c960af70 .event anyedge, v000002d8c9609910_0, v000002d8c960a1d0_0, v000002d8c960a130_0;
S_000002d8c9613330 .scope module, "sfa3" "StFA" 2 46, 2 7 0, S_000002d8c96163b0;
 .timescale 0 0;
    .port_info 0 /OUTPUT 1 "Co";
    .port_info 1 /OUTPUT 1 "S";
    .port_info 2 /INPUT 1 "A";
    .port_info 3 /INPUT 1 "B";
    .port_info 4 /INPUT 1 "Ci";
v000002d8c96095f0_0 .net "A", 0 0, L_000002d8c9671110;  1 drivers
v000002d8c9609690_0 .net "B", 0 0, L_000002d8c9670b70;  1 drivers
v000002d8c9609730_0 .net "Ci", 0 0, o000002d8c961d038;  alias, 0 drivers
v000002d8c96097d0_0 .var "Co", 0 0;
v000002d8c9671070_0 .var "S", 0 0;
E_000002d8c960b030 .event anyedge, v000002d8c9609910_0, v000002d8c9609690_0, v000002d8c96095f0_0;
    .scope S_000002d8c9616540;
T_0 ;
    %wait E_000002d8c960bcf0;
    %load/vec4 v000002d8c9609d70_0;
    %load/vec4 v000002d8c9609f50_0;
    %xor;
    %load/vec4 v000002d8c9609910_0;
    %xor;
    %store/vec4 v000002d8c960a310_0, 0, 1;
    %load/vec4 v000002d8c9609d70_0;
    %load/vec4 v000002d8c9609f50_0;
    %and;
    %load/vec4 v000002d8c9609d70_0;
    %load/vec4 v000002d8c9609f50_0;
    %and;
    %load/vec4 v000002d8c9609910_0;
    %and;
    %or;
    %store/vec4 v000002d8c960a450_0, 0, 1;
    %jmp T_0;
    .thread T_0, $push;
    .scope S_000002d8c96166d0;
T_1 ;
    %wait E_000002d8c960b830;
    %load/vec4 v000002d8c9609af0_0;
    %load/vec4 v000002d8c960a3b0_0;
    %xor;
    %load/vec4 v000002d8c9609b90_0;
    %xor;
    %store/vec4 v000002d8c960a090_0, 0, 1;
    %load/vec4 v000002d8c9609af0_0;
    %load/vec4 v000002d8c960a3b0_0;
    %and;
    %load/vec4 v000002d8c9609af0_0;
    %load/vec4 v000002d8c960a3b0_0;
    %and;
    %load/vec4 v000002d8c9609b90_0;
    %and;
    %or;
    %store/vec4 v000002d8c9609ff0_0, 0, 1;
    %jmp T_1;
    .thread T_1, $push;
    .scope S_000002d8c96131a0;
T_2 ;
    %wait E_000002d8c960af70;
    %load/vec4 v000002d8c960a130_0;
    %load/vec4 v000002d8c960a1d0_0;
    %xor;
    %load/vec4 v000002d8c9609870_0;
    %xor;
    %store/vec4 v000002d8c960a270_0, 0, 1;
    %load/vec4 v000002d8c960a130_0;
    %load/vec4 v000002d8c960a1d0_0;
    %and;
    %load/vec4 v000002d8c960a130_0;
    %load/vec4 v000002d8c960a1d0_0;
    %and;
    %load/vec4 v000002d8c9609870_0;
    %and;
    %or;
    %store/vec4 v000002d8c960a4f0_0, 0, 1;
    %jmp T_2;
    .thread T_2, $push;
    .scope S_000002d8c9613330;
T_3 ;
    %wait E_000002d8c960b030;
    %load/vec4 v000002d8c96095f0_0;
    %load/vec4 v000002d8c9609690_0;
    %xor;
    %load/vec4 v000002d8c9609730_0;
    %xor;
    %store/vec4 v000002d8c9671070_0, 0, 1;
    %load/vec4 v000002d8c96095f0_0;
    %load/vec4 v000002d8c9609690_0;
    %and;
    %load/vec4 v000002d8c96095f0_0;
    %load/vec4 v000002d8c9609690_0;
    %and;
    %load/vec4 v000002d8c9609730_0;
    %and;
    %or;
    %store/vec4 v000002d8c96097d0_0, 0, 1;
    %jmp T_3;
    .thread T_3, $push;
    .scope S_000002d8c96163b0;
T_4 ;
    %vpi_call 2 28 "$dumpfile", "StFA.vcd" {0 0 0};
    %vpi_call 2 29 "$dumpvars", 32'sb00000000000000000000000000000001, v000002d8c96714d0_0, v000002d8c966f8b0_0, v000002d8c96707b0_0, v000002d8c9670850_0, v000002d8c96708f0_0 {0 0 0};
    %pushi/vec4 0, 0, 4;
    %store/vec4 v000002d8c96714d0_0, 0, 4;
    %pushi/vec4 0, 0, 4;
    %store/vec4 v000002d8c966f8b0_0, 0, 4;
    %pushi/vec4 0, 0, 4;
    %store/vec4 v000002d8c96707b0_0, 0, 4;
    %delay 10, 0;
    %pushi/vec4 1, 0, 4;
    %store/vec4 v000002d8c96707b0_0, 0, 4;
    %delay 10, 0;
    %pushi/vec4 1, 0, 4;
    %store/vec4 v000002d8c966f8b0_0, 0, 4;
    %delay 10, 0;
    %pushi/vec4 0, 0, 4;
    %store/vec4 v000002d8c96707b0_0, 0, 4;
    %delay 10, 0;
    %pushi/vec4 1, 0, 4;
    %store/vec4 v000002d8c96714d0_0, 0, 4;
    %delay 10, 0;
    %pushi/vec4 1, 0, 4;
    %store/vec4 v000002d8c96707b0_0, 0, 4;
    %delay 10, 0;
    %pushi/vec4 0, 0, 4;
    %store/vec4 v000002d8c966f8b0_0, 0, 4;
    %delay 10, 0;
    %pushi/vec4 0, 0, 4;
    %store/vec4 v000002d8c96707b0_0, 0, 4;
    %delay 10, 0;
    %vpi_call 2 40 "$finish" {0 0 0};
    %end;
    .thread T_4;
# The file index is used to find the file name in the following table.
:file_names 3;
    "N/A";
    "<interactive>";
    "StFA.v";
