#! /c/Source/iverilog-install/bin/vvp
:ivl_version "12.0 (devel)" "(s20150603-1110-g18392a46)";
:ivl_delay_selection "TYPICAL";
:vpi_time_precision + 0;
:vpi_module "C:\iverilog\lib\ivl\system.vpi";
:vpi_module "C:\iverilog\lib\ivl\vhdl_sys.vpi";
:vpi_module "C:\iverilog\lib\ivl\vhdl_textio.vpi";
:vpi_module "C:\iverilog\lib\ivl\v2005_math.vpi";
:vpi_module "C:\iverilog\lib\ivl\va_math.vpi";
S_00000288efc8b580 .scope module, "StFS_tb" "StFS_tb" 2 32;
 .timescale 0 0;
o00000288efce6f48 .functor BUFZ 4, C4<zzzz>; HiZ drive
v00000288efd3e250_0 .net "A", 3 0, o00000288efce6f48;  0 drivers
o00000288efce6f78 .functor BUFZ 4, C4<zzzz>; HiZ drive
v00000288efd3ec50_0 .net "B", 3 0, o00000288efce6f78;  0 drivers
o00000288efce6fa8 .functor BUFZ 1, C4<z>; HiZ drive
v00000288efd3e390_0 .net "B0", 0 0, o00000288efce6fa8;  0 drivers
o00000288efce6198 .functor BUFZ 1, C4<z>; HiZ drive
v00000288efd3d2b0_0 .net "Bi", 0 0, o00000288efce6198;  0 drivers
v00000288efd3e9d0_0 .net "Bo", 0 0, L_00000288efcce320;  1 drivers
v00000288efd3ebb0_0 .net "D", 3 0, L_00000288efd3ee30;  1 drivers
v00000288efd3e2f0_0 .var "a", 3 0;
v00000288efd3d990_0 .var "b", 3 0;
v00000288efd3f010_0 .var "bi", 3 0;
v00000288efd3dc10_0 .net "w1", 0 0, L_00000288efcce080;  1 drivers
v00000288efd3ea70_0 .net "w2", 0 0, L_00000288efccdfa0;  1 drivers
v00000288efd3d3f0_0 .net "w3", 0 0, L_00000288efcce0f0;  1 drivers
L_00000288efd3d8f0 .part o00000288efce6f48, 0, 1;
L_00000288efd3d350 .part o00000288efce6f78, 0, 1;
L_00000288efd3eb10 .part o00000288efce6f48, 1, 1;
L_00000288efd3d490 .part o00000288efce6f78, 1, 1;
L_00000288efd3dcb0 .part o00000288efce6f48, 2, 1;
L_00000288efd3e430 .part o00000288efce6f78, 2, 1;
L_00000288efd3ee30 .concat8 [ 1 1 1 1], v00000288efce16e0_0, v00000288efd3bb60_0, v00000288efd3c100_0, v00000288efd3b840_0;
L_00000288efd3e890 .part o00000288efce6f48, 3, 1;
L_00000288efd3e750 .part o00000288efce6f78, 3, 1;
S_00000288efc8d680 .scope module, "sfs0" "StFS" 2 85, 2 22 0, S_00000288efc8b580;
 .timescale 0 0;
    .port_info 0 /OUTPUT 1 "Bo";
    .port_info 1 /OUTPUT 1 "D";
    .port_info 2 /INPUT 1 "A";
    .port_info 3 /INPUT 1 "B";
    .port_info 4 /INPUT 1 "Bi";
L_00000288efcce080 .functor OR 1, v00000288efce1d20_0, v00000288efce1640_0, C4<0>, C4<0>;
v00000288efce18c0_0 .net "A", 0 0, L_00000288efd3d8f0;  1 drivers
v00000288efce1a00_0 .net "B", 0 0, L_00000288efd3d350;  1 drivers
v00000288efce1aa0_0 .net "Bi", 0 0, o00000288efce6198;  alias, 0 drivers
v00000288efd3c560_0 .net "Bo", 0 0, L_00000288efcce080;  alias, 1 drivers
v00000288efd3b3e0_0 .net "D", 0 0, v00000288efce16e0_0;  1 drivers
v00000288efd3b700_0 .net "b0", 0 0, v00000288efce1d20_0;  1 drivers
v00000288efd3aee0_0 .net "b1", 0 0, v00000288efce1640_0;  1 drivers
v00000288efd3c2e0_0 .net "d0", 0 0, v00000288efce1460_0;  1 drivers
S_00000288efc8d810 .scope module, "hs1" "StHS" 2 27, 2 12 0, S_00000288efc8d680;
 .timescale 0 0;
    .port_info 0 /OUTPUT 1 "Bo";
    .port_info 1 /OUTPUT 1 "D";
    .port_info 2 /INPUT 1 "A";
    .port_info 3 /INPUT 1 "B";
v00000288efce1be0_0 .net "A", 0 0, L_00000288efd3d8f0;  alias, 1 drivers
v00000288efce1c80_0 .net "B", 0 0, L_00000288efd3d350;  alias, 1 drivers
v00000288efce1d20_0 .var "Bo", 0 0;
v00000288efce1460_0 .var "D", 0 0;
E_00000288efce4940 .event anyedge, v00000288efce1c80_0, v00000288efce1be0_0;
S_00000288efc8d9a0 .scope module, "hs2" "StHS" 2 28, 2 12 0, S_00000288efc8d680;
 .timescale 0 0;
    .port_info 0 /OUTPUT 1 "Bo";
    .port_info 1 /OUTPUT 1 "D";
    .port_info 2 /INPUT 1 "A";
    .port_info 3 /INPUT 1 "B";
v00000288efce1500_0 .net "A", 0 0, v00000288efce1460_0;  alias, 1 drivers
v00000288efce15a0_0 .net "B", 0 0, o00000288efce6198;  alias, 0 drivers
v00000288efce1640_0 .var "Bo", 0 0;
v00000288efce16e0_0 .var "D", 0 0;
E_00000288efce4cc0 .event anyedge, v00000288efce15a0_0, v00000288efce1460_0;
S_00000288efca2720 .scope module, "sfs1" "StFS" 2 86, 2 22 0, S_00000288efc8b580;
 .timescale 0 0;
    .port_info 0 /OUTPUT 1 "Bo";
    .port_info 1 /OUTPUT 1 "D";
    .port_info 2 /INPUT 1 "A";
    .port_info 3 /INPUT 1 "B";
    .port_info 4 /INPUT 1 "Bi";
L_00000288efccdfa0 .functor OR 1, v00000288efd3a9e0_0, v00000288efd3c6a0_0, C4<0>, C4<0>;
v00000288efd3b160_0 .net "A", 0 0, L_00000288efd3eb10;  1 drivers
v00000288efd3bc00_0 .net "B", 0 0, L_00000288efd3d490;  1 drivers
v00000288efd3b200_0 .net "Bi", 0 0, o00000288efce6198;  alias, 0 drivers
v00000288efd3c060_0 .net "Bo", 0 0, L_00000288efccdfa0;  alias, 1 drivers
v00000288efd3be80_0 .net "D", 0 0, v00000288efd3bb60_0;  1 drivers
v00000288efd3c7e0_0 .net "b0", 0 0, v00000288efd3a9e0_0;  1 drivers
v00000288efd3c240_0 .net "b1", 0 0, v00000288efd3c6a0_0;  1 drivers
v00000288efd3b8e0_0 .net "d0", 0 0, v00000288efd3abc0_0;  1 drivers
S_00000288efca28b0 .scope module, "hs1" "StHS" 2 27, 2 12 0, S_00000288efca2720;
 .timescale 0 0;
    .port_info 0 /OUTPUT 1 "Bo";
    .port_info 1 /OUTPUT 1 "D";
    .port_info 2 /INPUT 1 "A";
    .port_info 3 /INPUT 1 "B";
v00000288efd3b340_0 .net "A", 0 0, L_00000288efd3eb10;  alias, 1 drivers
v00000288efd3c1a0_0 .net "B", 0 0, L_00000288efd3d490;  alias, 1 drivers
v00000288efd3a9e0_0 .var "Bo", 0 0;
v00000288efd3abc0_0 .var "D", 0 0;
E_00000288efce4480 .event anyedge, v00000288efd3c1a0_0, v00000288efd3b340_0;
S_00000288efca2a40 .scope module, "hs2" "StHS" 2 28, 2 12 0, S_00000288efca2720;
 .timescale 0 0;
    .port_info 0 /OUTPUT 1 "Bo";
    .port_info 1 /OUTPUT 1 "D";
    .port_info 2 /INPUT 1 "A";
    .port_info 3 /INPUT 1 "B";
v00000288efd3c600_0 .net "A", 0 0, v00000288efd3abc0_0;  alias, 1 drivers
v00000288efd3c4c0_0 .net "B", 0 0, o00000288efce6198;  alias, 0 drivers
v00000288efd3c6a0_0 .var "Bo", 0 0;
v00000288efd3bb60_0 .var "D", 0 0;
E_00000288efce4c80 .event anyedge, v00000288efce15a0_0, v00000288efd3abc0_0;
S_00000288efd3c900 .scope module, "sfs2" "StFS" 2 87, 2 22 0, S_00000288efc8b580;
 .timescale 0 0;
    .port_info 0 /OUTPUT 1 "Bo";
    .port_info 1 /OUTPUT 1 "D";
    .port_info 2 /INPUT 1 "A";
    .port_info 3 /INPUT 1 "B";
    .port_info 4 /INPUT 1 "Bi";
L_00000288efcce0f0 .functor OR 1, v00000288efd3a940_0, v00000288efd3b2a0_0, C4<0>, C4<0>;
v00000288efd3b480_0 .net "A", 0 0, L_00000288efd3dcb0;  1 drivers
v00000288efd3ae40_0 .net "B", 0 0, L_00000288efd3e430;  1 drivers
v00000288efd3c380_0 .net "Bi", 0 0, o00000288efce6198;  alias, 0 drivers
v00000288efd3b020_0 .net "Bo", 0 0, L_00000288efcce0f0;  alias, 1 drivers
v00000288efd3c420_0 .net "D", 0 0, v00000288efd3c100_0;  1 drivers
v00000288efd3ac60_0 .net "b0", 0 0, v00000288efd3a940_0;  1 drivers
v00000288efd3bde0_0 .net "b1", 0 0, v00000288efd3b2a0_0;  1 drivers
v00000288efd3aa80_0 .net "d0", 0 0, v00000288efd3bd40_0;  1 drivers
S_00000288efd3ca90 .scope module, "hs1" "StHS" 2 27, 2 12 0, S_00000288efd3c900;
 .timescale 0 0;
    .port_info 0 /OUTPUT 1 "Bo";
    .port_info 1 /OUTPUT 1 "D";
    .port_info 2 /INPUT 1 "A";
    .port_info 3 /INPUT 1 "B";
v00000288efd3ad00_0 .net "A", 0 0, L_00000288efd3dcb0;  alias, 1 drivers
v00000288efd3bca0_0 .net "B", 0 0, L_00000288efd3e430;  alias, 1 drivers
v00000288efd3a940_0 .var "Bo", 0 0;
v00000288efd3bd40_0 .var "D", 0 0;
E_00000288efce4540 .event anyedge, v00000288efd3bca0_0, v00000288efd3ad00_0;
S_00000288efd3cc20 .scope module, "hs2" "StHS" 2 28, 2 12 0, S_00000288efd3c900;
 .timescale 0 0;
    .port_info 0 /OUTPUT 1 "Bo";
    .port_info 1 /OUTPUT 1 "D";
    .port_info 2 /INPUT 1 "A";
    .port_info 3 /INPUT 1 "B";
v00000288efd3ab20_0 .net "A", 0 0, v00000288efd3bd40_0;  alias, 1 drivers
v00000288efd3af80_0 .net "B", 0 0, o00000288efce6198;  alias, 0 drivers
v00000288efd3b2a0_0 .var "Bo", 0 0;
v00000288efd3c100_0 .var "D", 0 0;
E_00000288efce4500 .event anyedge, v00000288efce15a0_0, v00000288efd3bd40_0;
S_00000288efd3cdb0 .scope module, "sfs3" "StFS" 2 88, 2 22 0, S_00000288efc8b580;
 .timescale 0 0;
    .port_info 0 /OUTPUT 1 "Bo";
    .port_info 1 /OUTPUT 1 "D";
    .port_info 2 /INPUT 1 "A";
    .port_info 3 /INPUT 1 "B";
    .port_info 4 /INPUT 1 "Bi";
L_00000288efcce320 .functor OR 1, v00000288efd3ada0_0, v00000288efd3b7a0_0, C4<0>, C4<0>;
v00000288efd3b980_0 .net "A", 0 0, L_00000288efd3e890;  1 drivers
v00000288efd3ba20_0 .net "B", 0 0, L_00000288efd3e750;  1 drivers
v00000288efd3bf20_0 .net "Bi", 0 0, o00000288efce6198;  alias, 0 drivers
v00000288efd3bac0_0 .net "Bo", 0 0, L_00000288efcce320;  alias, 1 drivers
v00000288efd3bfc0_0 .net "D", 0 0, v00000288efd3b840_0;  1 drivers
v00000288efd3db70_0 .net "b0", 0 0, v00000288efd3ada0_0;  1 drivers
v00000288efd3e930_0 .net "b1", 0 0, v00000288efd3b7a0_0;  1 drivers
v00000288efd3dfd0_0 .net "d0", 0 0, v00000288efd3b5c0_0;  1 drivers
S_00000288efd3cf40 .scope module, "hs1" "StHS" 2 27, 2 12 0, S_00000288efd3cdb0;
 .timescale 0 0;
    .port_info 0 /OUTPUT 1 "Bo";
    .port_info 1 /OUTPUT 1 "D";
    .port_info 2 /INPUT 1 "A";
    .port_info 3 /INPUT 1 "B";
v00000288efd3b520_0 .net "A", 0 0, L_00000288efd3e890;  alias, 1 drivers
v00000288efd3c740_0 .net "B", 0 0, L_00000288efd3e750;  alias, 1 drivers
v00000288efd3ada0_0 .var "Bo", 0 0;
v00000288efd3b5c0_0 .var "D", 0 0;
E_00000288efce4600 .event anyedge, v00000288efd3c740_0, v00000288efd3b520_0;
S_00000288efd3d0d0 .scope module, "hs2" "StHS" 2 28, 2 12 0, S_00000288efd3cdb0;
 .timescale 0 0;
    .port_info 0 /OUTPUT 1 "Bo";
    .port_info 1 /OUTPUT 1 "D";
    .port_info 2 /INPUT 1 "A";
    .port_info 3 /INPUT 1 "B";
v00000288efd3b0c0_0 .net "A", 0 0, v00000288efd3b5c0_0;  alias, 1 drivers
v00000288efd3b660_0 .net "B", 0 0, o00000288efce6198;  alias, 0 drivers
v00000288efd3b7a0_0 .var "Bo", 0 0;
v00000288efd3b840_0 .var "D", 0 0;
E_00000288efce4a80 .event anyedge, v00000288efce15a0_0, v00000288efd3b5c0_0;
    .scope S_00000288efc8d810;
T_0 ;
    %wait E_00000288efce4940;
    %load/vec4 v00000288efce1be0_0;
    %load/vec4 v00000288efce1c80_0;
    %xor;
    %store/vec4 v00000288efce1460_0, 0, 1;
    %load/vec4 v00000288efce1be0_0;
    %inv;
    %load/vec4 v00000288efce1c80_0;
    %and;
    %store/vec4 v00000288efce1d20_0, 0, 1;
    %jmp T_0;
    .thread T_0, $push;
    .scope S_00000288efc8d9a0;
T_1 ;
    %wait E_00000288efce4cc0;
    %load/vec4 v00000288efce1500_0;
    %load/vec4 v00000288efce15a0_0;
    %xor;
    %store/vec4 v00000288efce16e0_0, 0, 1;
    %load/vec4 v00000288efce1500_0;
    %inv;
    %load/vec4 v00000288efce15a0_0;
    %and;
    %store/vec4 v00000288efce1640_0, 0, 1;
    %jmp T_1;
    .thread T_1, $push;
    .scope S_00000288efca28b0;
T_2 ;
    %wait E_00000288efce4480;
    %load/vec4 v00000288efd3b340_0;
    %load/vec4 v00000288efd3c1a0_0;
    %xor;
    %store/vec4 v00000288efd3abc0_0, 0, 1;
    %load/vec4 v00000288efd3b340_0;
    %inv;
    %load/vec4 v00000288efd3c1a0_0;
    %and;
    %store/vec4 v00000288efd3a9e0_0, 0, 1;
    %jmp T_2;
    .thread T_2, $push;
    .scope S_00000288efca2a40;
T_3 ;
    %wait E_00000288efce4c80;
    %load/vec4 v00000288efd3c600_0;
    %load/vec4 v00000288efd3c4c0_0;
    %xor;
    %store/vec4 v00000288efd3bb60_0, 0, 1;
    %load/vec4 v00000288efd3c600_0;
    %inv;
    %load/vec4 v00000288efd3c4c0_0;
    %and;
    %store/vec4 v00000288efd3c6a0_0, 0, 1;
    %jmp T_3;
    .thread T_3, $push;
    .scope S_00000288efd3ca90;
T_4 ;
    %wait E_00000288efce4540;
    %load/vec4 v00000288efd3ad00_0;
    %load/vec4 v00000288efd3bca0_0;
    %xor;
    %store/vec4 v00000288efd3bd40_0, 0, 1;
    %load/vec4 v00000288efd3ad00_0;
    %inv;
    %load/vec4 v00000288efd3bca0_0;
    %and;
    %store/vec4 v00000288efd3a940_0, 0, 1;
    %jmp T_4;
    .thread T_4, $push;
    .scope S_00000288efd3cc20;
T_5 ;
    %wait E_00000288efce4500;
    %load/vec4 v00000288efd3ab20_0;
    %load/vec4 v00000288efd3af80_0;
    %xor;
    %store/vec4 v00000288efd3c100_0, 0, 1;
    %load/vec4 v00000288efd3ab20_0;
    %inv;
    %load/vec4 v00000288efd3af80_0;
    %and;
    %store/vec4 v00000288efd3b2a0_0, 0, 1;
    %jmp T_5;
    .thread T_5, $push;
    .scope S_00000288efd3cf40;
T_6 ;
    %wait E_00000288efce4600;
    %load/vec4 v00000288efd3b520_0;
    %load/vec4 v00000288efd3c740_0;
    %xor;
    %store/vec4 v00000288efd3b5c0_0, 0, 1;
    %load/vec4 v00000288efd3b520_0;
    %inv;
    %load/vec4 v00000288efd3c740_0;
    %and;
    %store/vec4 v00000288efd3ada0_0, 0, 1;
    %jmp T_6;
    .thread T_6, $push;
    .scope S_00000288efd3d0d0;
T_7 ;
    %wait E_00000288efce4a80;
    %load/vec4 v00000288efd3b0c0_0;
    %load/vec4 v00000288efd3b660_0;
    %xor;
    %store/vec4 v00000288efd3b840_0, 0, 1;
    %load/vec4 v00000288efd3b0c0_0;
    %inv;
    %load/vec4 v00000288efd3b660_0;
    %and;
    %store/vec4 v00000288efd3b7a0_0, 0, 1;
    %jmp T_7;
    .thread T_7, $push;
    .scope S_00000288efc8b580;
T_8 ;
    %vpi_call 2 42 "$dumpfile", "StFS.vcd" {0 0 0};
    %vpi_call 2 43 "$dumpvars" {0 0 0};
    %pushi/vec4 0, 0, 4;
    %store/vec4 v00000288efd3e2f0_0, 0, 4;
    %pushi/vec4 0, 0, 4;
    %store/vec4 v00000288efd3d990_0, 0, 4;
    %pushi/vec4 0, 0, 4;
    %store/vec4 v00000288efd3f010_0, 0, 4;
    %delay 10, 0;
    %pushi/vec4 0, 0, 4;
    %store/vec4 v00000288efd3e2f0_0, 0, 4;
    %pushi/vec4 0, 0, 4;
    %store/vec4 v00000288efd3d990_0, 0, 4;
    %pushi/vec4 1, 0, 4;
    %store/vec4 v00000288efd3f010_0, 0, 4;
    %delay 10, 0;
    %pushi/vec4 0, 0, 4;
    %store/vec4 v00000288efd3e2f0_0, 0, 4;
    %pushi/vec4 1, 0, 4;
    %store/vec4 v00000288efd3d990_0, 0, 4;
    %pushi/vec4 0, 0, 4;
    %store/vec4 v00000288efd3f010_0, 0, 4;
    %delay 10, 0;
    %pushi/vec4 0, 0, 4;
    %store/vec4 v00000288efd3e2f0_0, 0, 4;
    %pushi/vec4 1, 0, 4;
    %store/vec4 v00000288efd3d990_0, 0, 4;
    %pushi/vec4 1, 0, 4;
    %store/vec4 v00000288efd3f010_0, 0, 4;
    %delay 10, 0;
    %pushi/vec4 1, 0, 4;
    %store/vec4 v00000288efd3e2f0_0, 0, 4;
    %pushi/vec4 0, 0, 4;
    %store/vec4 v00000288efd3d990_0, 0, 4;
    %pushi/vec4 0, 0, 4;
    %store/vec4 v00000288efd3f010_0, 0, 4;
    %delay 10, 0;
    %pushi/vec4 1, 0, 4;
    %store/vec4 v00000288efd3e2f0_0, 0, 4;
    %pushi/vec4 0, 0, 4;
    %store/vec4 v00000288efd3d990_0, 0, 4;
    %pushi/vec4 1, 0, 4;
    %store/vec4 v00000288efd3f010_0, 0, 4;
    %delay 10, 0;
    %pushi/vec4 1, 0, 4;
    %store/vec4 v00000288efd3e2f0_0, 0, 4;
    %pushi/vec4 1, 0, 4;
    %store/vec4 v00000288efd3d990_0, 0, 4;
    %pushi/vec4 0, 0, 4;
    %store/vec4 v00000288efd3f010_0, 0, 4;
    %delay 10, 0;
    %pushi/vec4 1, 0, 4;
    %store/vec4 v00000288efd3e2f0_0, 0, 4;
    %pushi/vec4 1, 0, 4;
    %store/vec4 v00000288efd3d990_0, 0, 4;
    %pushi/vec4 1, 0, 4;
    %store/vec4 v00000288efd3f010_0, 0, 4;
    %delay 10, 0;
    %vpi_call 2 82 "$finish" {0 0 0};
    %end;
    .thread T_8;
# The file index is used to find the file name in the following table.
:file_names 3;
    "N/A";
    "<interactive>";
    "StFS.v";
